2025-06-07 21:55:13.895 [background-preinit] INFO  o.h.validator.internal.util.Version - HV000001: Hibernate Validator 8.0.2.Final
2025-06-07 21:55:13.946 [main] INFO  r.n.m.MoneyTransferApplication - Starting MoneyTransferApplication using Java 22.0.2 with PID 20672 (E:\Projects\MoneyTransfer\backend\money-transfer\target\classes started by Владимир in E:\Projects\MoneyTransfer\backend\money-transfer)
2025-06-07 21:55:13.947 [main] INFO  r.n.m.MoneyTransferApplication - No active profile set, falling back to 1 default profile: "default"
2025-06-07 21:55:15.192 [main] INFO  o.s.b.w.e.tomcat.TomcatWebServer - Tomcat initialized with port 5500 (http)
2025-06-07 21:55:15.210 [main] INFO  o.a.coyote.http11.Http11NioProtocol - Initializing ProtocolHandler ["http-nio-5500"]
2025-06-07 21:55:15.211 [main] INFO  o.a.catalina.core.StandardService - Starting service [Tomcat]
2025-06-07 21:55:15.211 [main] INFO  o.a.catalina.core.StandardEngine - Starting Servlet engine: [Apache Tomcat/10.1.41]
2025-06-07 21:55:15.273 [main] INFO  o.a.c.c.C.[Tomcat].[localhost].[/] - Initializing Spring embedded WebApplicationContext
2025-06-07 21:55:15.273 [main] INFO  o.s.b.w.s.c.ServletWebServerApplicationContext - Root WebApplicationContext: initialization completed in 1276 ms
2025-06-07 21:55:15.904 [main] INFO  o.a.coyote.http11.Http11NioProtocol - Starting ProtocolHandler ["http-nio-5500"]
2025-06-07 21:55:15.927 [main] INFO  o.s.b.w.e.tomcat.TomcatWebServer - Tomcat started on port 5500 (http) with context path '/'
2025-06-07 21:55:15.937 [main] INFO  r.n.m.MoneyTransferApplication - Started MoneyTransferApplication in 2.506 seconds (process running for 3.334)
2025-06-07 21:55:17.871 [http-nio-5500-exec-2] INFO  o.a.c.c.C.[Tomcat].[localhost].[/] - Initializing Spring DispatcherServlet 'dispatcherServlet'
2025-06-07 21:55:17.871 [http-nio-5500-exec-2] INFO  o.s.web.servlet.DispatcherServlet - Initializing Servlet 'dispatcherServlet'
2025-06-07 21:55:17.872 [http-nio-5500-exec-2] INFO  o.s.web.servlet.DispatcherServlet - Completed initialization in 1 ms
2025-06-07 21:55:18.076 [http-nio-5500-exec-2] INFO  r.n.m.c.f.RequestResponseLoggingFilter - Request POST /transfer with body: {
  "cardFromNumber": "1234123412341234",
  "cardFromValidTill": "01/27",
  "cardFromCVV": "032",
  "cardToNumber": "4321432143214321",
  "amount": {
    "value": 545000,
    "currency": "RUR"
  }
}
2025-06-07 21:55:18.076 [http-nio-5500-exec-2] INFO  r.n.m.c.f.RequestResponseLoggingFilter - Response - 200: {"operationId":"16685145-dd79-4042-b480-6d5970f5558a"}
2025-06-07 21:55:30.397 [http-nio-5500-exec-3] INFO  r.n.m.c.f.RequestResponseLoggingFilter - Request POST /confirmOperation with body: {
  "operationId": "16685145-dd79-4042-b480-6d5970f5558a",
  "code": "0000"
}
2025-06-07 21:55:30.397 [http-nio-5500-exec-3] INFO  r.n.m.c.f.RequestResponseLoggingFilter - Response - 200: {"operationId":"16685145-dd79-4042-b480-6d5970f5558a"}
2025-06-07 21:55:32.913 [SpringApplicationShutdownHook] INFO  o.s.b.w.e.tomcat.GracefulShutdown - Commencing graceful shutdown. Waiting for active requests to complete
2025-06-07 21:55:32.949 [tomcat-shutdown] INFO  o.s.b.w.e.tomcat.GracefulShutdown - Graceful shutdown complete
